<?xml version="1.0" encoding="UTF-8"?>
<testsuite name="HelloWorldTest" tests="1" skipped="0" failures="0" errors="0" timestamp="2024-01-17T14:05:49" hostname="Mac-mini-Adam.NAT.gdansk-morena.vectranet.pl" time="0.011">
  <properties/>
  <testcase name="helloWorldTest" classname="HelloWorldTest" time="0.011"/>
  <system-out><![CDATA[]]></system-out>
  <system-err><![CDATA[]]></system-err>
</testsuite>
